0 info it worked if it ends with ok
1 verbose cli [ 'node', '/usr/local/bin/npm', 'version', '2.0.4' ]
2 info using npm@1.4.23
3 info using node@v0.10.30
4 verbose node symlink /usr/local/bin/node
5 error Error: Git working directory not clean.
5 error M messages.json
5 error D messages/2.0.0.txt
5 error D messages/2.0.2.txt
5 error     at /usr/local/lib/node_modules/npm/lib/version.js:91:33
5 error     at ChildProcess.exithandler (child_process.js:646:7)
5 error     at ChildProcess.emit (events.js:98:17)
5 error     at maybeClose (child_process.js:756:16)
5 error     at Socket.<anonymous> (child_process.js:969:11)
5 error     at Socket.emit (events.js:95:17)
5 error     at Pipe.close (net.js:465:12)
6 error If you need help, you may report this *entire* log,
6 error including the npm and node versions, at:
6 error     <http://github.com/npm/npm/issues>
7 error System Darwin 13.3.0
8 error command "node" "/usr/local/bin/npm" "version" "2.0.4"
9 error cwd /Users/Allan/Library/Application Support/Sublime Text 3/Packages/Theme - Centurion
10 error node -v v0.10.30
11 error npm -v 1.4.23
12 verbose exit [ 1, true ]
